{"name": "test_email_field[test@proteiru]", "status": "failed", "statusDetails": {"message": "AssertionError: FALSE___Alert message is not triggered\nassert None\n +  where None = <bound method SomePage.click_modal_window_button of <pages.some_page.SomePage object at 0x0000013BEB9AF9D0>>()\n +    where <bound method SomePage.click_modal_window_button of <pages.some_page.SomePage object at 0x0000013BEB9AF9D0>> = <pages.some_page.SomePage object at 0x0000013BEB9AF9D0>.click_modal_window_button", "trace": "data = 'test@proteiru'\n\n    @allure.description('Проверка реакции поля E-Mail на невалидные значения')\n    @pytest.mark.run(ordering=5)\n    @pytest.mark.parametrize('data', INVALID_EMAIL)\n    def test_email_field(data):\n        some.input_email(data)\n        some.input_name(NAME)\n        some.click_add_button()\n        try:\n>           some.get_alerts_email_messages()\n\ntests\\test_some_page.py:43: \n_ _ _ _ _ _ _ _ _ _ _ _ _ _ _ _ _ _ _ _ _ _ _ _ _ _ _ _ _ _ _ _ _ _ _ _ _ _ _ _ _ _ _ _ _ _ _ _ _ _ _ _ _ _ _ _ _ _ _ _ _ _ _ _ _ _ _ _ _ _ _ _ _ _ _ _ _ _ _ _ _ _ _ _ _ _ _ _ _ _ _ _ _ _ _ _ _ _ _ _ _ _ _ _ _ _ _ _ _ \npages\\some_page.py:34: in get_alerts_email_messages\n    text_error = self._get_present_element(self.locator_alerts_email_messages).text\nbase\\base_class.py:23: in _get_present_element\n    return WebDriverWait(self.browser, 3).until(ec.presence_of_element_located(element_locator))\n_ _ _ _ _ _ _ _ _ _ _ _ _ _ _ _ _ _ _ _ _ _ _ _ _ _ _ _ _ _ _ _ _ _ _ _ _ _ _ _ _ _ _ _ _ _ _ _ _ _ _ _ _ _ _ _ _ _ _ _ _ _ _ _ _ _ _ _ _ _ _ _ _ _ _ _ _ _ _ _ _ _ _ _ _ _ _ _ _ _ _ _ _ _ _ _ _ _ _ _ _ _ _ _ _ _ _ _ _ \n\nself = <selenium.webdriver.support.wait.WebDriverWait (session=\"ce4f3ca3949078b9fbc7058f1ae45604\")>, method = <function presence_of_element_located.<locals>._predicate at 0x0000013BEBDFF920>, message = ''\n\n    def until(self, method, message: str = \"\"):\n        \"\"\"Calls the method provided with the driver as an argument until the \\\n        return value does not evaluate to ``False``.\n    \n        :param method: callable(WebDriver)\n        :param message: optional message for :exc:`TimeoutException`\n        :returns: the result of the last call to `method`\n        :raises: :exc:`selenium.common.exceptions.TimeoutException` if timeout occurs\n        \"\"\"\n        screen = None\n        stacktrace = None\n    \n        end_time = time.monotonic() + self._timeout\n        while True:\n            try:\n                value = method(self._driver)\n                if value:\n                    return value\n            except self._ignored_exceptions as exc:\n                screen = getattr(exc, \"screen\", None)\n                stacktrace = getattr(exc, \"stacktrace\", None)\n            time.sleep(self._poll)\n            if time.monotonic() > end_time:\n                break\n>       raise TimeoutException(message, screen, stacktrace)\nE       selenium.common.exceptions.TimeoutException: Message: \nE       Stacktrace:\nE       \tGetHandleVerifier [0x00007FF768355E42+3538674]\nE       \t(No symbol) [0x00007FF767F74C02]\nE       \t(No symbol) [0x00007FF767E25AEB]\nE       \t(No symbol) [0x00007FF767E6BF4E]\nE       \t(No symbol) [0x00007FF767E6C0CC]\nE       \t(No symbol) [0x00007FF767EAE477]\nE       \t(No symbol) [0x00007FF767E8F0EF]\nE       \t(No symbol) [0x00007FF767EABDE3]\nE       \t(No symbol) [0x00007FF767E8EE53]\nE       \t(No symbol) [0x00007FF767E5F514]\nE       \t(No symbol) [0x00007FF767E60631]\nE       \tGetHandleVerifier [0x00007FF768386CAD+3738973]\nE       \tGetHandleVerifier [0x00007FF7683DC506+4089270]\nE       \tGetHandleVerifier [0x00007FF7683D4823+4057299]\nE       \tGetHandleVerifier [0x00007FF7680A5C49+720121]\nE       \t(No symbol) [0x00007FF767F8126F]\nE       \t(No symbol) [0x00007FF767F7C304]\nE       \t(No symbol) [0x00007FF767F7C432]\nE       \t(No symbol) [0x00007FF767F6BD04]\nE       \tBaseThreadInitThunk [0x00007FFD68717344+20]\nE       \tRtlUserThreadStart [0x00007FFD688C26B1+33]\n\n..\\..\\AppData\\Local\\Programs\\Python\\Python311\\Lib\\site-packages\\selenium\\webdriver\\support\\wait.py:95: TimeoutException\n\nDuring handling of the above exception, another exception occurred:\n\ndata = 'test@proteiru'\n\n    @allure.description('Проверка реакции поля E-Mail на невалидные значения')\n    @pytest.mark.run(ordering=5)\n    @pytest.mark.parametrize('data', INVALID_EMAIL)\n    def test_email_field(data):\n        some.input_email(data)\n        some.input_name(NAME)\n        some.click_add_button()\n        try:\n            some.get_alerts_email_messages()\n        except:\n>           assert some.click_modal_window_button(), 'FALSE___Alert message is not triggered'\nE           AssertionError: FALSE___Alert message is not triggered\nE           assert None\nE            +  where None = <bound method SomePage.click_modal_window_button of <pages.some_page.SomePage object at 0x0000013BEB9AF9D0>>()\nE            +    where <bound method SomePage.click_modal_window_button of <pages.some_page.SomePage object at 0x0000013BEB9AF9D0>> = <pages.some_page.SomePage object at 0x0000013BEB9AF9D0>.click_modal_window_button\n\ntests\\test_some_page.py:45: AssertionError"}, "description": "Проверка реакции поля E-Mail на невалидные значения", "steps": [{"name": "Input email.", "status": "passed", "start": 1706639727211, "stop": 1706639727301}, {"name": "Input name.", "status": "passed", "start": 1706639727301, "stop": 1706639727374}, {"name": "Click Add button.", "status": "passed", "start": 1706639727374, "stop": 1706639727418}, {"name": "Click Ok in button modal window.", "status": "passed", "start": 1706639730461, "stop": 1706639730496}], "attachments": [{"name": "stdout", "source": "42068b03-9f26-4c21-8fb9-8cef0ffc83df-attachment.txt", "type": "text/plain"}], "parameters": [{"name": "data", "value": "'test@proteiru'"}], "start": 1706639727210, "stop": 1706639730496, "uuid": "21e54917-2026-43e8-8a3b-655121748161", "historyId": "c5028e0ff240fdda693d8907020060a0", "testCaseId": "6db118bdd718d37d22b148cb972a9a5f", "fullName": "tests.test_some_page#test_email_field", "labels": [{"name": "tag", "value": "run(ordering=5)"}, {"name": "parentSuite", "value": "tests"}, {"name": "suite", "value": "test_some_page"}, {"name": "host", "value": "DESKTOP-272VFFM"}, {"name": "thread", "value": "19496-MainThread"}, {"name": "framework", "value": "pytest"}, {"name": "language", "value": "cpython3"}, {"name": "package", "value": "tests.test_some_page"}]}