{"name": "test_name_field[   ]", "status": "failed", "statusDetails": {"message": "AssertionError: FALSE___Alert message is not triggered\nassert None\n +  where None = <bound method SomePage.click_modal_window_button of <pages.some_page.SomePage object at 0x0000013BEB9AF9D0>>()\n +    where <bound method SomePage.click_modal_window_button of <pages.some_page.SomePage object at 0x0000013BEB9AF9D0>> = <pages.some_page.SomePage object at 0x0000013BEB9AF9D0>.click_modal_window_button", "trace": "data = '   '\n\n    @allure.description('Проверка реакции поля Имя на невалидные значения')\n    @pytest.mark.run(ordering=6)\n    @pytest.mark.parametrize('data', INVALID_NAME)\n    def test_name_field(data):\n        some.input_email(EMAIL)\n        some.input_name(data)\n        some.click_add_button()\n        try:\n>           some.get_alerts_name_messages()\n\ntests\\test_some_page.py:57: \n_ _ _ _ _ _ _ _ _ _ _ _ _ _ _ _ _ _ _ _ _ _ _ _ _ _ _ _ _ _ _ _ _ _ _ _ _ _ _ _ _ _ _ _ _ _ _ _ _ _ _ _ _ _ _ _ _ _ _ _ _ _ _ _ _ _ _ _ _ _ _ _ _ _ _ _ _ _ _ _ _ _ _ _ _ _ _ _ _ _ _ _ _ _ _ _ _ _ _ _ _ _ _ _ _ _ _ _ _ \npages\\some_page.py:38: in get_alerts_name_messages\n    text_error = self._get_present_element(self.locator_alerts_name_messages).text\nbase\\base_class.py:23: in _get_present_element\n    return WebDriverWait(self.browser, 3).until(ec.presence_of_element_located(element_locator))\n_ _ _ _ _ _ _ _ _ _ _ _ _ _ _ _ _ _ _ _ _ _ _ _ _ _ _ _ _ _ _ _ _ _ _ _ _ _ _ _ _ _ _ _ _ _ _ _ _ _ _ _ _ _ _ _ _ _ _ _ _ _ _ _ _ _ _ _ _ _ _ _ _ _ _ _ _ _ _ _ _ _ _ _ _ _ _ _ _ _ _ _ _ _ _ _ _ _ _ _ _ _ _ _ _ _ _ _ _ \n\nself = <selenium.webdriver.support.wait.WebDriverWait (session=\"ce4f3ca3949078b9fbc7058f1ae45604\")>, method = <function presence_of_element_located.<locals>._predicate at 0x0000013BEBDFEA20>, message = ''\n\n    def until(self, method, message: str = \"\"):\n        \"\"\"Calls the method provided with the driver as an argument until the \\\n        return value does not evaluate to ``False``.\n    \n        :param method: callable(WebDriver)\n        :param message: optional message for :exc:`TimeoutException`\n        :returns: the result of the last call to `method`\n        :raises: :exc:`selenium.common.exceptions.TimeoutException` if timeout occurs\n        \"\"\"\n        screen = None\n        stacktrace = None\n    \n        end_time = time.monotonic() + self._timeout\n        while True:\n            try:\n                value = method(self._driver)\n                if value:\n                    return value\n            except self._ignored_exceptions as exc:\n                screen = getattr(exc, \"screen\", None)\n                stacktrace = getattr(exc, \"stacktrace\", None)\n            time.sleep(self._poll)\n            if time.monotonic() > end_time:\n                break\n>       raise TimeoutException(message, screen, stacktrace)\nE       selenium.common.exceptions.TimeoutException: Message: \nE       Stacktrace:\nE       \tGetHandleVerifier [0x00007FF768355E42+3538674]\nE       \t(No symbol) [0x00007FF767F74C02]\nE       \t(No symbol) [0x00007FF767E25AEB]\nE       \t(No symbol) [0x00007FF767E6BF4E]\nE       \t(No symbol) [0x00007FF767E6C0CC]\nE       \t(No symbol) [0x00007FF767EAE477]\nE       \t(No symbol) [0x00007FF767E8F0EF]\nE       \t(No symbol) [0x00007FF767EABDE3]\nE       \t(No symbol) [0x00007FF767E8EE53]\nE       \t(No symbol) [0x00007FF767E5F514]\nE       \t(No symbol) [0x00007FF767E60631]\nE       \tGetHandleVerifier [0x00007FF768386CAD+3738973]\nE       \tGetHandleVerifier [0x00007FF7683DC506+4089270]\nE       \tGetHandleVerifier [0x00007FF7683D4823+4057299]\nE       \tGetHandleVerifier [0x00007FF7680A5C49+720121]\nE       \t(No symbol) [0x00007FF767F8126F]\nE       \t(No symbol) [0x00007FF767F7C304]\nE       \t(No symbol) [0x00007FF767F7C432]\nE       \t(No symbol) [0x00007FF767F6BD04]\nE       \tBaseThreadInitThunk [0x00007FFD68717344+20]\nE       \tRtlUserThreadStart [0x00007FFD688C26B1+33]\n\n..\\..\\AppData\\Local\\Programs\\Python\\Python311\\Lib\\site-packages\\selenium\\webdriver\\support\\wait.py:95: TimeoutException\n\nDuring handling of the above exception, another exception occurred:\n\ndata = '   '\n\n    @allure.description('Проверка реакции поля Имя на невалидные значения')\n    @pytest.mark.run(ordering=6)\n    @pytest.mark.parametrize('data', INVALID_NAME)\n    def test_name_field(data):\n        some.input_email(EMAIL)\n        some.input_name(data)\n        some.click_add_button()\n        try:\n            some.get_alerts_name_messages()\n        except:\n>           assert some.click_modal_window_button(), 'FALSE___Alert message is not triggered'\nE           AssertionError: FALSE___Alert message is not triggered\nE           assert None\nE            +  where None = <bound method SomePage.click_modal_window_button of <pages.some_page.SomePage object at 0x0000013BEB9AF9D0>>()\nE            +    where <bound method SomePage.click_modal_window_button of <pages.some_page.SomePage object at 0x0000013BEB9AF9D0>> = <pages.some_page.SomePage object at 0x0000013BEB9AF9D0>.click_modal_window_button\n\ntests\\test_some_page.py:59: AssertionError"}, "description": "Проверка реакции поля Имя на невалидные значения", "steps": [{"name": "Input email.", "status": "passed", "start": 1706639738297, "stop": 1706639738384}, {"name": "Input name.", "status": "passed", "start": 1706639738384, "stop": 1706639738442}, {"name": "Click Add button.", "status": "passed", "start": 1706639738442, "stop": 1706639738485}, {"name": "Click Ok in button modal window.", "status": "passed", "start": 1706639741524, "stop": 1706639741559}], "attachments": [{"name": "stdout", "source": "aaffe407-988d-445c-8830-7e631ebd563d-attachment.txt", "type": "text/plain"}], "parameters": [{"name": "data", "value": "'   '"}], "start": 1706639738297, "stop": 1706639741560, "uuid": "acc3366f-8ebd-418e-8095-ec6fb96c22eb", "historyId": "4efe05d5d4c947825e5e21ef7d827fe7", "testCaseId": "4853e497403dfcc18a6b9319e1bba562", "fullName": "tests.test_some_page#test_name_field", "labels": [{"name": "tag", "value": "run(ordering=6)"}, {"name": "parentSuite", "value": "tests"}, {"name": "suite", "value": "test_some_page"}, {"name": "host", "value": "DESKTOP-272VFFM"}, {"name": "thread", "value": "19496-MainThread"}, {"name": "framework", "value": "pytest"}, {"name": "language", "value": "cpython3"}, {"name": "package", "value": "tests.test_some_page"}]}